<?xml version="1.0" encoding="UTF-8"?>
<coverage generated="1671641202548" clover="3.2.0">
  <project timestamp="1671641202549" name="All files">
    <metrics statements="8" coveredstatements="4" conditionals="2" coveredconditionals="2" methods="2" coveredmethods="1" elements="12" coveredelements="7" complexity="0" loc="8" ncloc="8" packages="1" files="1" classes="1"/>
    <file name="practice.js" path="C:\Users\Admin\Documents\As fun\Todo-list\src\practice.js">
      <metrics statements="8" coveredstatements="4" conditionals="2" coveredconditionals="2" methods="2" coveredmethods="1"/>
      <line num="2" count="3" type="cond" truecount="2" falsecount="0"/>
      <line num="3" count="2" type="stmt"/>
      <line num="9" count="3" type="stmt"/>
      <line num="12" count="0" type="stmt"/>
      <line num="13" count="0" type="stmt"/>
      <line num="14" count="0" type="stmt"/>
      <line num="16" count="0" type="stmt"/>
      <line num="18" count="1" type="stmt"/>
    </file>
  </project>
</coverage>
