{"C:\\Users\\Admin\\Documents\\As fun\\Todo-list\\src\\practice.js": {"path":"C:\\Users\\Admin\\Documents\\As fun\\Todo-list\\src\\practice.js","statementMap":{"0":{"start":{"line":2,"column":2},"end":{"line":8,"column":3}},"1":{"start":{"line":3,"column":4},"end":{"line":7,"column":7}},"2":{"start":{"line":9,"column":2},"end":{"line":9,"column":15}},"3":{"start":{"line":12,"column":2},"end":{"line":12,"column":25}},"4":{"start":{"line":13,"column":2},"end":{"line":15,"column":3}},"5":{"start":{"line":13,"column":15},"end":{"line":13,"column":16}},"6":{"start":{"line":14,"column":4},"end":{"line":14,"column":20}},"7":{"start":{"line":16,"column":2},"end":{"line":16,"column":15}},"8":{"start":{"line":18,"column":0},"end":{"line":18,"column":25}}},"fnMap":{"0":{"name":"addTodo","decl":{"start":{"line":1,"column":9},"end":{"line":1,"column":16}},"loc":{"start":{"line":1,"column":31},"end":{"line":10,"column":1}},"line":1},"1":{"name":"deleteTodo","decl":{"start":{"line":11,"column":9},"end":{"line":11,"column":19}},"loc":{"start":{"line":11,"column":34},"end":{"line":17,"column":1}},"line":11}},"branchMap":{"0":{"loc":{"start":{"line":2,"column":2},"end":{"line":8,"column":3}},"type":"if","locations":[{"start":{"line":2,"column":2},"end":{"line":8,"column":3}},{"start":{},"end":{}}],"line":2}},"s":{"0":3,"1":2,"2":3,"3":0,"4":0,"5":0,"6":0,"7":0,"8":1},"f":{"0":3,"1":0},"b":{"0":[2,1]},"_coverageSchema":"1a1c01bbd47fc00a2c39e90264f33305004495a9","hash":"5242b3356dfc4acb3fc1da81ab0cdc32fa6d765f"}
}
